mutex(6299944)
thread(188729088)
./ddetector.so(pthread_mutex_lock+0xe1) [0x7fd10c3e9b71]
./exec.out(pickup+0x89) [0x400d40]
./exec.out(philosopher+0x32) [0x400e01]
/lib/x86_64-linux-gnu/libpthread.so.0(+0x76ba) [0x7fd10c1d36ba]
/lib/x86_64-linux-gnu/libc.so.6(clone+0x6d) [0x7fd10bf0941d]
mutex(6299896)
thread(188729088)
./ddetector.so(pthread_mutex_lock+0xe1) [0x7fd10c3e9b71]
./exec.out(pickup+0x64) [0x400d1b]
./exec.out(philosopher+0x32) [0x400e01]
/lib/x86_64-linux-gnu/libpthread.so.0(+0x76ba) [0x7fd10c1d36ba]
/lib/x86_64-linux-gnu/libc.so.6(clone+0x6d) [0x7fd10bf0941d]
mutex(6299992)
thread(180336384)
./ddetector.so(pthread_mutex_lock+0xe1) [0x7fd10c3e9b71]
./exec.out(pickup+0x89) [0x400d40]
./exec.out(philosopher+0x32) [0x400e01]
/lib/x86_64-linux-gnu/libpthread.so.0(+0x76ba) [0x7fd10c1d36ba]
/lib/x86_64-linux-gnu/libc.so.6(clone+0x6d) [0x7fd10bf0941d]
mutex(6299944)
thread(180336384)
./ddetector.so(pthread_mutex_lock+0xe1) [0x7fd10c3e9b71]
./exec.out(pickup+0x64) [0x400d1b]
./exec.out(philosopher+0x32) [0x400e01]
/lib/x86_64-linux-gnu/libpthread.so.0(+0x76ba) [0x7fd10c1d36ba]
/lib/x86_64-linux-gnu/libc.so.6(clone+0x6d) [0x7fd10bf0941d]
mutex(6300040)
thread(171943680)
./ddetector.so(pthread_mutex_lock+0xe1) [0x7fd10c3e9b71]
./exec.out(pickup+0x89) [0x400d40]
./exec.out(philosopher+0x32) [0x400e01]
/lib/x86_64-linux-gnu/libpthread.so.0(+0x76ba) [0x7fd10c1d36ba]
/lib/x86_64-linux-gnu/libc.so.6(clone+0x6d) [0x7fd10bf0941d]
mutex(6299992)
thread(171943680)
./ddetector.so(pthread_mutex_lock+0xe1) [0x7fd10c3e9b71]
./exec.out(pickup+0x64) [0x400d1b]
./exec.out(philosopher+0x32) [0x400e01]
/lib/x86_64-linux-gnu/libpthread.so.0(+0x76ba) [0x7fd10c1d36ba]
/lib/x86_64-linux-gnu/libc.so.6(clone+0x6d) [0x7fd10bf0941d]
mutex(6299848)
thread(163550976)
./ddetector.so(pthread_mutex_lock+0xe1) [0x7fd10c3e9b71]
./exec.out(pickup+0x89) [0x400d40]
./exec.out(philosopher+0x32) [0x400e01]
/lib/x86_64-linux-gnu/libpthread.so.0(+0x76ba) [0x7fd10c1d36ba]
/lib/x86_64-linux-gnu/libc.so.6(clone+0x6d) [0x7fd10bf0941d]
mutex(6300040)
thread(163550976)
./ddetector.so(pthread_mutex_lock+0xe1) [0x7fd10c3e9b71]
./exec.out(pickup+0x64) [0x400d1b]
./exec.out(philosopher+0x32) [0x400e01]
/lib/x86_64-linux-gnu/libpthread.so.0(+0x76ba) [0x7fd10c1d36ba]
/lib/x86_64-linux-gnu/libc.so.6(clone+0x6d) [0x7fd10bf0941d]
mutex(6299896)
thread(197121792)
./ddetector.so(pthread_mutex_lock+0xe1) [0x7fd10c3e9b71]
./exec.out(pickup+0x89) [0x400d40]
./exec.out(philosopher+0x32) [0x400e01]
/lib/x86_64-linux-gnu/libpthread.so.0(+0x76ba) [0x7fd10c1d36ba]
/lib/x86_64-linux-gnu/libc.so.6(clone+0x6d) [0x7fd10bf0941d]
mutex(6299944)
thread(188729088)
./ddetector.so(pthread_mutex_lock+0xe1) [0x7fd10c3e9b71]
./exec.out(pickup+0x89) [0x400d40]
./exec.out(philosopher+0x32) [0x400e01]
/lib/x86_64-linux-gnu/libpthread.so.0(+0x76ba) [0x7fd10c1d36ba]
/lib/x86_64-linux-gnu/libc.so.6(clone+0x6d) [0x7fd10bf0941d]
mutex(6299896)
thread(188729088)
./ddetector.so(pthread_mutex_lock+0xe1) [0x7fd10c3e9b71]
./exec.out(pickup+0x64) [0x400d1b]
./exec.out(philosopher+0x32) [0x400e01]
/lib/x86_64-linux-gnu/libpthread.so.0(+0x76ba) [0x7fd10c1d36ba]
/lib/x86_64-linux-gnu/libc.so.6(clone+0x6d) [0x7fd10bf0941d]
mutex(6299848)
thread(197121792)
./ddetector.so(pthread_mutex_lock+0xe1) [0x7fd10c3e9b71]
./exec.out(pickup+0x64) [0x400d1b]
./exec.out(philosopher+0x32) [0x400e01]
/lib/x86_64-linux-gnu/libpthread.so.0(+0x76ba) [0x7fd10c1d36ba]
/lib/x86_64-linux-gnu/libc.so.6(clone+0x6d) [0x7fd10bf0941d]
mutex(6299992)
thread(180336384)
./ddetector.so(pthread_mutex_lock+0xe1) [0x7fd10c3e9b71]
./exec.out(pickup+0x89) [0x400d40]
./exec.out(philosopher+0x32) [0x400e01]
/lib/x86_64-linux-gnu/libpthread.so.0(+0x76ba) [0x7fd10c1d36ba]
/lib/x86_64-linux-gnu/libc.so.6(clone+0x6d) [0x7fd10bf0941d]
mutex(6299944)
thread(180336384)
./ddetector.so(pthread_mutex_lock+0xe1) [0x7fd10c3e9b71]
./exec.out(pickup+0x64) [0x400d1b]
./exec.out(philosopher+0x32) [0x400e01]
/lib/x86_64-linux-gnu/libpthread.so.0(+0x76ba) [0x7fd10c1d36ba]
/lib/x86_64-linux-gnu/libc.so.6(clone+0x6d) [0x7fd10bf0941d]
mutex(6300040)
thread(171943680)
./ddetector.so(pthread_mutex_lock+0xe1) [0x7fd10c3e9b71]
./exec.out(pickup+0x89) [0x400d40]
./exec.out(philosopher+0x32) [0x400e01]
/lib/x86_64-linux-gnu/libpthread.so.0(+0x76ba) [0x7fd10c1d36ba]
/lib/x86_64-linux-gnu/libc.so.6(clone+0x6d) [0x7fd10bf0941d]
mutex(6299992)
thread(171943680)
./ddetector.so(pthread_mutex_lock+0xe1) [0x7fd10c3e9b71]
./exec.out(pickup+0x64) [0x400d1b]
./exec.out(philosopher+0x32) [0x400e01]
/lib/x86_64-linux-gnu/libpthread.so.0(+0x76ba) [0x7fd10c1d36ba]
/lib/x86_64-linux-gnu/libc.so.6(clone+0x6d) [0x7fd10bf0941d]
mutex(6299944)
thread(188729088)
./ddetector.so(pthread_mutex_lock+0xe1) [0x7fd10c3e9b71]
./exec.out(pickup+0x89) [0x400d40]
./exec.out(philosopher+0x32) [0x400e01]
/lib/x86_64-linux-gnu/libpthread.so.0(+0x76ba) [0x7fd10c1d36ba]
/lib/x86_64-linux-gnu/libc.so.6(clone+0x6d) [0x7fd10bf0941d]
mutex(6299896)
thread(197121792)
./ddetector.so(pthread_mutex_lock+0xe1) [0x7fd10c3e9b71]
./exec.out(pickup+0x89) [0x400d40]
./exec.out(philosopher+0x32) [0x400e01]
/lib/x86_64-linux-gnu/libpthread.so.0(+0x76ba) [0x7fd10c1d36ba]
/lib/x86_64-linux-gnu/libc.so.6(clone+0x6d) [0x7fd10bf0941d]
mutex(6299848)
thread(163550976)
./ddetector.so(pthread_mutex_lock+0xe1) [0x7fd10c3e9b71]
./exec.out(pickup+0x89) [0x400d40]
./exec.out(philosopher+0x32) [0x400e01]
/lib/x86_64-linux-gnu/libpthread.so.0(+0x76ba) [0x7fd10c1d36ba]
/lib/x86_64-linux-gnu/libc.so.6(clone+0x6d) [0x7fd10bf0941d]
mutex(6299848)
thread(197121792)
./ddetector.so(pthread_mutex_lock+0xe1) [0x7fd10c3e9b71]
./exec.out(pickup+0x64) [0x400d1b]
./exec.out(philosopher+0x32) [0x400e01]
/lib/x86_64-linux-gnu/libpthread.so.0(+0x76ba) [0x7fd10c1d36ba]
/lib/x86_64-linux-gnu/libc.so.6(clone+0x6d) [0x7fd10bf0941d]
mutex(6299896)
thread(188729088)
./ddetector.so(pthread_mutex_lock+0xe1) [0x7fd10c3e9b71]
./exec.out(pickup+0x64) [0x400d1b]
./exec.out(philosopher+0x32) [0x400e01]
/lib/x86_64-linux-gnu/libpthread.so.0(+0x76ba) [0x7fd10c1d36ba]
/lib/x86_64-linux-gnu/libc.so.6(clone+0x6d) [0x7fd10bf0941d]
mutex(6299992)
thread(180336384)
./ddetector.so(pthread_mutex_lock+0xe1) [0x7fd10c3e9b71]
./exec.out(pickup+0x89) [0x400d40]
./exec.out(philosopher+0x32) [0x400e01]
/lib/x86_64-linux-gnu/libpthread.so.0(+0x76ba) [0x7fd10c1d36ba]
/lib/x86_64-linux-gnu/libc.so.6(clone+0x6d) [0x7fd10bf0941d]
mutex(6300040)
thread(163550976)
./ddetector.so(pthread_mutex_lock+0xe1) [0x7fd10c3e9b71]
./exec.out(pickup+0x64) [0x400d1b]
./exec.out(philosopher+0x32) [0x400e01]
/lib/x86_64-linux-gnu/libpthread.so.0(+0x76ba) [0x7fd10c1d36ba]
/lib/x86_64-linux-gnu/libc.so.6(clone+0x6d) [0x7fd10bf0941d]
mutex(6299944)
thread(180336384)
./ddetector.so(pthread_mutex_lock+0xe1) [0x7fd10c3e9b71]
./exec.out(pickup+0x64) [0x400d1b]
./exec.out(philosopher+0x32) [0x400e01]
/lib/x86_64-linux-gnu/libpthread.so.0(+0x76ba) [0x7fd10c1d36ba]
/lib/x86_64-linux-gnu/libc.so.6(clone+0x6d) [0x7fd10bf0941d]
mutex(6299896)
thread(197121792)
./ddetector.so(pthread_mutex_lock+0xe1) [0x7fd10c3e9b71]
./exec.out(pickup+0x89) [0x400d40]
./exec.out(philosopher+0x32) [0x400e01]
/lib/x86_64-linux-gnu/libpthread.so.0(+0x76ba) [0x7fd10c1d36ba]
/lib/x86_64-linux-gnu/libc.so.6(clone+0x6d) [0x7fd10bf0941d]
mutex(6300040)
thread(171943680)
./ddetector.so(pthread_mutex_lock+0xe1) [0x7fd10c3e9b71]
./exec.out(pickup+0x89) [0x400d40]
./exec.out(philosopher+0x32) [0x400e01]
/lib/x86_64-linux-gnu/libpthread.so.0(+0x76ba) [0x7fd10c1d36ba]
/lib/x86_64-linux-gnu/libc.so.6(clone+0x6d) [0x7fd10bf0941d]
mutex(6299992)
thread(171943680)
./ddetector.so(pthread_mutex_lock+0xe1) [0x7fd10c3e9b71]
./exec.out(pickup+0x64) [0x400d1b]
./exec.out(philosopher+0x32) [0x400e01]
/lib/x86_64-linux-gnu/libpthread.so.0(+0x76ba) [0x7fd10c1d36ba]
/lib/x86_64-linux-gnu/libc.so.6(clone+0x6d) [0x7fd10bf0941d]
mutex(6299848)
thread(197121792)
./ddetector.so(pthread_mutex_lock+0xe1) [0x7fd10c3e9b71]
./exec.out(pickup+0x64) [0x400d1b]
./exec.out(philosopher+0x32) [0x400e01]
/lib/x86_64-linux-gnu/libpthread.so.0(+0x76ba) [0x7fd10c1d36ba]
/lib/x86_64-linux-gnu/libc.so.6(clone+0x6d) [0x7fd10bf0941d]
mutex(6299848)
thread(163550976)
./ddetector.so(pthread_mutex_lock+0xe1) [0x7fd10c3e9b71]
./exec.out(pickup+0x89) [0x400d40]
./exec.out(philosopher+0x32) [0x400e01]
/lib/x86_64-linux-gnu/libpthread.so.0(+0x76ba) [0x7fd10c1d36ba]
/lib/x86_64-linux-gnu/libc.so.6(clone+0x6d) [0x7fd10bf0941d]
mutex(6299944)
thread(188729088)
./ddetector.so(pthread_mutex_lock+0xe1) [0x7fd10c3e9b71]
./exec.out(pickup+0x89) [0x400d40]
./exec.out(philosopher+0x32) [0x400e01]
/lib/x86_64-linux-gnu/libpthread.so.0(+0x76ba) [0x7fd10c1d36ba]
/lib/x86_64-linux-gnu/libc.so.6(clone+0x6d) [0x7fd10bf0941d]
mutex(6299896)
thread(188729088)
./ddetector.so(pthread_mutex_lock+0xe1) [0x7fd10c3e9b71]
./exec.out(pickup+0x64) [0x400d1b]
./exec.out(philosopher+0x32) [0x400e01]
/lib/x86_64-linux-gnu/libpthread.so.0(+0x76ba) [0x7fd10c1d36ba]
/lib/x86_64-linux-gnu/libc.so.6(clone+0x6d) [0x7fd10bf0941d]
mutex(6299992)
thread(180336384)
./ddetector.so(pthread_mutex_lock+0xe1) [0x7fd10c3e9b71]
./exec.out(pickup+0x89) [0x400d40]
./exec.out(philosopher+0x32) [0x400e01]
/lib/x86_64-linux-gnu/libpthread.so.0(+0x76ba) [0x7fd10c1d36ba]
/lib/x86_64-linux-gnu/libc.so.6(clone+0x6d) [0x7fd10bf0941d]
mutex(6299944)
thread(180336384)
./ddetector.so(pthread_mutex_lock+0xe1) [0x7fd10c3e9b71]
./exec.out(pickup+0x64) [0x400d1b]
./exec.out(philosopher+0x32) [0x400e01]
/lib/x86_64-linux-gnu/libpthread.so.0(+0x76ba) [0x7fd10c1d36ba]
/lib/x86_64-linux-gnu/libc.so.6(clone+0x6d) [0x7fd10bf0941d]
mutex(6300040)
thread(163550976)
./ddetector.so(pthread_mutex_lock+0xe1) [0x7fd10c3e9b71]
./exec.out(pickup+0x64) [0x400d1b]
./exec.out(philosopher+0x32) [0x400e01]
/lib/x86_64-linux-gnu/libpthread.so.0(+0x76ba) [0x7fd10c1d36ba]
/lib/x86_64-linux-gnu/libc.so.6(clone+0x6d) [0x7fd10bf0941d]
mutex(6300040)
thread(171943680)
./ddetector.so(pthread_mutex_lock+0xe1) [0x7fd10c3e9b71]
./exec.out(pickup+0x89) [0x400d40]
./exec.out(philosopher+0x32) [0x400e01]
/lib/x86_64-linux-gnu/libpthread.so.0(+0x76ba) [0x7fd10c1d36ba]
/lib/x86_64-linux-gnu/libc.so.6(clone+0x6d) [0x7fd10bf0941d]
mutex(6299992)
thread(171943680)
./ddetector.so(pthread_mutex_lock+0xe1) [0x7fd10c3e9b71]
./exec.out(pickup+0x64) [0x400d1b]
./exec.out(philosopher+0x32) [0x400e01]
/lib/x86_64-linux-gnu/libpthread.so.0(+0x76ba) [0x7fd10c1d36ba]
/lib/x86_64-linux-gnu/libc.so.6(clone+0x6d) [0x7fd10bf0941d]
mutex(6299896)
thread(197121792)
./ddetector.so(pthread_mutex_lock+0xe1) [0x7fd10c3e9b71]
./exec.out(pickup+0x89) [0x400d40]
./exec.out(philosopher+0x32) [0x400e01]
/lib/x86_64-linux-gnu/libpthread.so.0(+0x76ba) [0x7fd10c1d36ba]
/lib/x86_64-linux-gnu/libc.so.6(clone+0x6d) [0x7fd10bf0941d]
mutex(6299848)
thread(197121792)
./ddetector.so(pthread_mutex_lock+0xe1) [0x7fd10c3e9b71]
./exec.out(pickup+0x64) [0x400d1b]
./exec.out(philosopher+0x32) [0x400e01]
/lib/x86_64-linux-gnu/libpthread.so.0(+0x76ba) [0x7fd10c1d36ba]
/lib/x86_64-linux-gnu/libc.so.6(clone+0x6d) [0x7fd10bf0941d]
mutex(6299848)
thread(163550976)
./ddetector.so(pthread_mutex_lock+0xe1) [0x7fd10c3e9b71]
./exec.out(pickup+0x89) [0x400d40]
./exec.out(philosopher+0x32) [0x400e01]
/lib/x86_64-linux-gnu/libpthread.so.0(+0x76ba) [0x7fd10c1d36ba]
/lib/x86_64-linux-gnu/libc.so.6(clone+0x6d) [0x7fd10bf0941d]
mutex(6299944)
thread(188729088)
./ddetector.so(pthread_mutex_lock+0xe1) [0x7fd10c3e9b71]
./exec.out(pickup+0x89) [0x400d40]
./exec.out(philosopher+0x32) [0x400e01]
/lib/x86_64-linux-gnu/libpthread.so.0(+0x76ba) [0x7fd10c1d36ba]
/lib/x86_64-linux-gnu/libc.so.6(clone+0x6d) [0x7fd10bf0941d]
mutex(6300040)
thread(163550976)
./ddetector.so(pthread_mutex_lock+0xe1) [0x7fd10c3e9b71]
./exec.out(pickup+0x64) [0x400d1b]
./exec.out(philosopher+0x32) [0x400e01]
/lib/x86_64-linux-gnu/libpthread.so.0(+0x76ba) [0x7fd10c1d36ba]
/lib/x86_64-linux-gnu/libc.so.6(clone+0x6d) [0x7fd10bf0941d]
mutex(6299896)
thread(188729088)
./ddetector.so(pthread_mutex_lock+0xe1) [0x7fd10c3e9b71]
./exec.out(pickup+0x64) [0x400d1b]
./exec.out(philosopher+0x32) [0x400e01]
/lib/x86_64-linux-gnu/libpthread.so.0(+0x76ba) [0x7fd10c1d36ba]
/lib/x86_64-linux-gnu/libc.so.6(clone+0x6d) [0x7fd10bf0941d]
mutex(6299992)
thread(180336384)
./ddetector.so(pthread_mutex_lock+0xe1) [0x7fd10c3e9b71]
./exec.out(pickup+0x89) [0x400d40]
./exec.out(philosopher+0x32) [0x400e01]
/lib/x86_64-linux-gnu/libpthread.so.0(+0x76ba) [0x7fd10c1d36ba]
/lib/x86_64-linux-gnu/libc.so.6(clone+0x6d) [0x7fd10bf0941d]
mutex(6299944)
thread(180336384)
./ddetector.so(pthread_mutex_lock+0xe1) [0x7fd10c3e9b71]
./exec.out(pickup+0x64) [0x400d1b]
./exec.out(philosopher+0x32) [0x400e01]
/lib/x86_64-linux-gnu/libpthread.so.0(+0x76ba) [0x7fd10c1d36ba]
/lib/x86_64-linux-gnu/libc.so.6(clone+0x6d) [0x7fd10bf0941d]
mutex(6300040)
thread(171943680)
./ddetector.so(pthread_mutex_lock+0xe1) [0x7fd10c3e9b71]
./exec.out(pickup+0x89) [0x400d40]
./exec.out(philosopher+0x32) [0x400e01]
/lib/x86_64-linux-gnu/libpthread.so.0(+0x76ba) [0x7fd10c1d36ba]
/lib/x86_64-linux-gnu/libc.so.6(clone+0x6d) [0x7fd10bf0941d]
mutex(6299992)
thread(171943680)
./ddetector.so(pthread_mutex_lock+0xe1) [0x7fd10c3e9b71]
./exec.out(pickup+0x64) [0x400d1b]
./exec.out(philosopher+0x32) [0x400e01]
/lib/x86_64-linux-gnu/libpthread.so.0(+0x76ba) [0x7fd10c1d36ba]
/lib/x86_64-linux-gnu/libc.so.6(clone+0x6d) [0x7fd10bf0941d]
mutex(6299848)
thread(163550976)
./ddetector.so(pthread_mutex_lock+0xe1) [0x7fd10c3e9b71]
./exec.out(pickup+0x89) [0x400d40]
./exec.out(philosopher+0x32) [0x400e01]
/lib/x86_64-linux-gnu/libpthread.so.0(+0x76ba) [0x7fd10c1d36ba]
/lib/x86_64-linux-gnu/libc.so.6(clone+0x6d) [0x7fd10bf0941d]
mutex(6300040)
thread(163550976)
./ddetector.so(pthread_mutex_lock+0xe1) [0x7fd10c3e9b71]
./exec.out(pickup+0x64) [0x400d1b]
./exec.out(philosopher+0x32) [0x400e01]
/lib/x86_64-linux-gnu/libpthread.so.0(+0x76ba) [0x7fd10c1d36ba]
/lib/x86_64-linux-gnu/libc.so.6(clone+0x6d) [0x7fd10bf0941d]
mutex(6299896)
thread(197121792)
./ddetector.so(pthread_mutex_lock+0xe1) [0x7fd10c3e9b71]
./exec.out(pickup+0x89) [0x400d40]
./exec.out(philosopher+0x32) [0x400e01]
/lib/x86_64-linux-gnu/libpthread.so.0(+0x76ba) [0x7fd10c1d36ba]
/lib/x86_64-linux-gnu/libc.so.6(clone+0x6d) [0x7fd10bf0941d]
mutex(6299848)
thread(197121792)
./ddetector.so(pthread_mutex_lock+0xe1) [0x7fd10c3e9b71]
./exec.out(pickup+0x64) [0x400d1b]
./exec.out(philosopher+0x32) [0x400e01]
/lib/x86_64-linux-gnu/libpthread.so.0(+0x76ba) [0x7fd10c1d36ba]
/lib/x86_64-linux-gnu/libc.so.6(clone+0x6d) [0x7fd10bf0941d]
mutex(6299944)
thread(188729088)
./ddetector.so(pthread_mutex_lock+0xe1) [0x7fd10c3e9b71]
./exec.out(pickup+0x89) [0x400d40]
./exec.out(philosopher+0x32) [0x400e01]
/lib/x86_64-linux-gnu/libpthread.so.0(+0x76ba) [0x7fd10c1d36ba]
/lib/x86_64-linux-gnu/libc.so.6(clone+0x6d) [0x7fd10bf0941d]
mutex(6299896)
thread(188729088)
./ddetector.so(pthread_mutex_lock+0xe1) [0x7fd10c3e9b71]
./exec.out(pickup+0x64) [0x400d1b]
./exec.out(philosopher+0x32) [0x400e01]
/lib/x86_64-linux-gnu/libpthread.so.0(+0x76ba) [0x7fd10c1d36ba]
/lib/x86_64-linux-gnu/libc.so.6(clone+0x6d) [0x7fd10bf0941d]
mutex(6299992)
thread(180336384)
./ddetector.so(pthread_mutex_lock+0xe1) [0x7fd10c3e9b71]
./exec.out(pickup+0x89) [0x400d40]
./exec.out(philosopher+0x32) [0x400e01]
/lib/x86_64-linux-gnu/libpthread.so.0(+0x76ba) [0x7fd10c1d36ba]
/lib/x86_64-linux-gnu/libc.so.6(clone+0x6d) [0x7fd10bf0941d]
mutex(6299944)
thread(180336384)
./ddetector.so(pthread_mutex_lock+0xe1) [0x7fd10c3e9b71]
./exec.out(pickup+0x64) [0x400d1b]
./exec.out(philosopher+0x32) [0x400e01]
/lib/x86_64-linux-gnu/libpthread.so.0(+0x76ba) [0x7fd10c1d36ba]
/lib/x86_64-linux-gnu/libc.so.6(clone+0x6d) [0x7fd10bf0941d]
mutex(6300040)
thread(171943680)
./ddetector.so(pthread_mutex_lock+0xe1) [0x7fd10c3e9b71]
./exec.out(pickup+0x89) [0x400d40]
./exec.out(philosopher+0x32) [0x400e01]
/lib/x86_64-linux-gnu/libpthread.so.0(+0x76ba) [0x7fd10c1d36ba]
/lib/x86_64-linux-gnu/libc.so.6(clone+0x6d) [0x7fd10bf0941d]
mutex(6299992)
thread(171943680)
./ddetector.so(pthread_mutex_lock+0xe1) [0x7fd10c3e9b71]
./exec.out(pickup+0x64) [0x400d1b]
./exec.out(philosopher+0x32) [0x400e01]
/lib/x86_64-linux-gnu/libpthread.so.0(+0x76ba) [0x7fd10c1d36ba]
/lib/x86_64-linux-gnu/libc.so.6(clone+0x6d) [0x7fd10bf0941d]
mutex(6299848)
thread(163550976)
./ddetector.so(pthread_mutex_lock+0xe1) [0x7fd10c3e9b71]
./exec.out(pickup+0x89) [0x400d40]
./exec.out(philosopher+0x32) [0x400e01]
/lib/x86_64-linux-gnu/libpthread.so.0(+0x76ba) [0x7fd10c1d36ba]
/lib/x86_64-linux-gnu/libc.so.6(clone+0x6d) [0x7fd10bf0941d]
mutex(6300040)
thread(163550976)
./ddetector.so(pthread_mutex_lock+0xe1) [0x7fd10c3e9b71]
./exec.out(pickup+0x64) [0x400d1b]
./exec.out(philosopher+0x32) [0x400e01]
/lib/x86_64-linux-gnu/libpthread.so.0(+0x76ba) [0x7fd10c1d36ba]
/lib/x86_64-linux-gnu/libc.so.6(clone+0x6d) [0x7fd10bf0941d]
mutex(6299896)
thread(197121792)
./ddetector.so(pthread_mutex_lock+0xe1) [0x7fd10c3e9b71]
./exec.out(pickup+0x89) [0x400d40]
./exec.out(philosopher+0x32) [0x400e01]
/lib/x86_64-linux-gnu/libpthread.so.0(+0x76ba) [0x7fd10c1d36ba]
/lib/x86_64-linux-gnu/libc.so.6(clone+0x6d) [0x7fd10bf0941d]
mutex(6299848)
thread(197121792)
./ddetector.so(pthread_mutex_lock+0xe1) [0x7fd10c3e9b71]
./exec.out(pickup+0x64) [0x400d1b]
./exec.out(philosopher+0x32) [0x400e01]
/lib/x86_64-linux-gnu/libpthread.so.0(+0x76ba) [0x7fd10c1d36ba]
/lib/x86_64-linux-gnu/libc.so.6(clone+0x6d) [0x7fd10bf0941d]
mutex(6299944)
thread(188729088)
./ddetector.so(pthread_mutex_lock+0xe1) [0x7fd10c3e9b71]
./exec.out(pickup+0x89) [0x400d40]
./exec.out(philosopher+0x32) [0x400e01]
/lib/x86_64-linux-gnu/libpthread.so.0(+0x76ba) [0x7fd10c1d36ba]
/lib/x86_64-linux-gnu/libc.so.6(clone+0x6d) [0x7fd10bf0941d]
mutex(6299896)
thread(188729088)
./ddetector.so(pthread_mutex_lock+0xe1) [0x7fd10c3e9b71]
./exec.out(pickup+0x64) [0x400d1b]
./exec.out(philosopher+0x32) [0x400e01]
/lib/x86_64-linux-gnu/libpthread.so.0(+0x76ba) [0x7fd10c1d36ba]
/lib/x86_64-linux-gnu/libc.so.6(clone+0x6d) [0x7fd10bf0941d]
mutex(6299992)
thread(180336384)
./ddetector.so(pthread_mutex_lock+0xe1) [0x7fd10c3e9b71]
./exec.out(pickup+0x89) [0x400d40]
./exec.out(philosopher+0x32) [0x400e01]
/lib/x86_64-linux-gnu/libpthread.so.0(+0x76ba) [0x7fd10c1d36ba]
/lib/x86_64-linux-gnu/libc.so.6(clone+0x6d) [0x7fd10bf0941d]
mutex(6299944)
thread(180336384)
./ddetector.so(pthread_mutex_lock+0xe1) [0x7fd10c3e9b71]
./exec.out(pickup+0x64) [0x400d1b]
./exec.out(philosopher+0x32) [0x400e01]
/lib/x86_64-linux-gnu/libpthread.so.0(+0x76ba) [0x7fd10c1d36ba]
/lib/x86_64-linux-gnu/libc.so.6(clone+0x6d) [0x7fd10bf0941d]
mutex(6300040)
thread(171943680)
./ddetector.so(pthread_mutex_lock+0xe1) [0x7fd10c3e9b71]
./exec.out(pickup+0x89) [0x400d40]
./exec.out(philosopher+0x32) [0x400e01]
/lib/x86_64-linux-gnu/libpthread.so.0(+0x76ba) [0x7fd10c1d36ba]
/lib/x86_64-linux-gnu/libc.so.6(clone+0x6d) [0x7fd10bf0941d]
mutex(6299992)
thread(171943680)
./ddetector.so(pthread_mutex_lock+0xe1) [0x7fd10c3e9b71]
./exec.out(pickup+0x64) [0x400d1b]
./exec.out(philosopher+0x32) [0x400e01]
/lib/x86_64-linux-gnu/libpthread.so.0(+0x76ba) [0x7fd10c1d36ba]
/lib/x86_64-linux-gnu/libc.so.6(clone+0x6d) [0x7fd10bf0941d]
mutex(6299848)
thread(163550976)
./ddetector.so(pthread_mutex_lock+0xe1) [0x7fd10c3e9b71]
./exec.out(pickup+0x89) [0x400d40]
./exec.out(philosopher+0x32) [0x400e01]
/lib/x86_64-linux-gnu/libpthread.so.0(+0x76ba) [0x7fd10c1d36ba]
/lib/x86_64-linux-gnu/libc.so.6(clone+0x6d) [0x7fd10bf0941d]
mutex(6300040)
thread(163550976)
./ddetector.so(pthread_mutex_lock+0xe1) [0x7fd10c3e9b71]
./exec.out(pickup+0x64) [0x400d1b]
./exec.out(philosopher+0x32) [0x400e01]
/lib/x86_64-linux-gnu/libpthread.so.0(+0x76ba) [0x7fd10c1d36ba]
/lib/x86_64-linux-gnu/libc.so.6(clone+0x6d) [0x7fd10bf0941d]
mutex(6299896)
thread(197121792)
./ddetector.so(pthread_mutex_lock+0xe1) [0x7fd10c3e9b71]
./exec.out(pickup+0x89) [0x400d40]
./exec.out(philosopher+0x32) [0x400e01]
/lib/x86_64-linux-gnu/libpthread.so.0(+0x76ba) [0x7fd10c1d36ba]
/lib/x86_64-linux-gnu/libc.so.6(clone+0x6d) [0x7fd10bf0941d]
mutex(6299848)
thread(197121792)
./ddetector.so(pthread_mutex_lock+0xe1) [0x7fd10c3e9b71]
./exec.out(pickup+0x64) [0x400d1b]
./exec.out(philosopher+0x32) [0x400e01]
/lib/x86_64-linux-gnu/libpthread.so.0(+0x76ba) [0x7fd10c1d36ba]
/lib/x86_64-linux-gnu/libc.so.6(clone+0x6d) [0x7fd10bf0941d]
mutex(6299944)
thread(188729088)
./ddetector.so(pthread_mutex_lock+0xe1) [0x7fd10c3e9b71]
./exec.out(pickup+0x89) [0x400d40]
./exec.out(philosopher+0x32) [0x400e01]
/lib/x86_64-linux-gnu/libpthread.so.0(+0x76ba) [0x7fd10c1d36ba]
/lib/x86_64-linux-gnu/libc.so.6(clone+0x6d) [0x7fd10bf0941d]
mutex(6299896)
thread(188729088)
./ddetector.so(pthread_mutex_lock+0xe1) [0x7fd10c3e9b71]
./exec.out(pickup+0x64) [0x400d1b]
./exec.out(philosopher+0x32) [0x400e01]
/lib/x86_64-linux-gnu/libpthread.so.0(+0x76ba) [0x7fd10c1d36ba]
/lib/x86_64-linux-gnu/libc.so.6(clone+0x6d) [0x7fd10bf0941d]
mutex(6299992)
thread(180336384)
./ddetector.so(pthread_mutex_lock+0xe1) [0x7fd10c3e9b71]
./exec.out(pickup+0x89) [0x400d40]
./exec.out(philosopher+0x32) [0x400e01]
/lib/x86_64-linux-gnu/libpthread.so.0(+0x76ba) [0x7fd10c1d36ba]
/lib/x86_64-linux-gnu/libc.so.6(clone+0x6d) [0x7fd10bf0941d]
mutex(6299944)
thread(180336384)
./ddetector.so(pthread_mutex_lock+0xe1) [0x7fd10c3e9b71]
./exec.out(pickup+0x64) [0x400d1b]
./exec.out(philosopher+0x32) [0x400e01]
/lib/x86_64-linux-gnu/libpthread.so.0(+0x76ba) [0x7fd10c1d36ba]
/lib/x86_64-linux-gnu/libc.so.6(clone+0x6d) [0x7fd10bf0941d]
mutex(6300040)
thread(171943680)
./ddetector.so(pthread_mutex_lock+0xe1) [0x7fd10c3e9b71]
./exec.out(pickup+0x89) [0x400d40]
./exec.out(philosopher+0x32) [0x400e01]
/lib/x86_64-linux-gnu/libpthread.so.0(+0x76ba) [0x7fd10c1d36ba]
/lib/x86_64-linux-gnu/libc.so.6(clone+0x6d) [0x7fd10bf0941d]
mutex(6299992)
thread(171943680)
./ddetector.so(pthread_mutex_lock+0xe1) [0x7fd10c3e9b71]
./exec.out(pickup+0x64) [0x400d1b]
./exec.out(philosopher+0x32) [0x400e01]
/lib/x86_64-linux-gnu/libpthread.so.0(+0x76ba) [0x7fd10c1d36ba]
/lib/x86_64-linux-gnu/libc.so.6(clone+0x6d) [0x7fd10bf0941d]
mutex(6299848)
thread(163550976)
./ddetector.so(pthread_mutex_lock+0xe1) [0x7fd10c3e9b71]
./exec.out(pickup+0x89) [0x400d40]
./exec.out(philosopher+0x32) [0x400e01]
/lib/x86_64-linux-gnu/libpthread.so.0(+0x76ba) [0x7fd10c1d36ba]
/lib/x86_64-linux-gnu/libc.so.6(clone+0x6d) [0x7fd10bf0941d]
mutex(6299896)
thread(197121792)
./ddetector.so(pthread_mutex_lock+0xe1) [0x7fd10c3e9b71]
./exec.out(pickup+0x89) [0x400d40]
./exec.out(philosopher+0x32) [0x400e01]
/lib/x86_64-linux-gnu/libpthread.so.0(+0x76ba) [0x7fd10c1d36ba]
/lib/x86_64-linux-gnu/libc.so.6(clone+0x6d) [0x7fd10bf0941d]
mutex(6299848)
thread(197121792)
./ddetector.so(pthread_mutex_lock+0xe1) [0x7fd10c3e9b71]
./exec.out(pickup+0x64) [0x400d1b]
./exec.out(philosopher+0x32) [0x400e01]
/lib/x86_64-linux-gnu/libpthread.so.0(+0x76ba) [0x7fd10c1d36ba]
/lib/x86_64-linux-gnu/libc.so.6(clone+0x6d) [0x7fd10bf0941d]
mutex(6300040)
thread(163550976)
./ddetector.so(pthread_mutex_lock+0xe1) [0x7fd10c3e9b71]
./exec.out(pickup+0x64) [0x400d1b]
./exec.out(philosopher+0x32) [0x400e01]
/lib/x86_64-linux-gnu/libpthread.so.0(+0x76ba) [0x7fd10c1d36ba]
/lib/x86_64-linux-gnu/libc.so.6(clone+0x6d) [0x7fd10bf0941d]
mutex(6299944)
thread(188729088)
./ddetector.so(pthread_mutex_lock+0xe1) [0x7fd10c3e9b71]
./exec.out(pickup+0x89) [0x400d40]
./exec.out(philosopher+0x32) [0x400e01]
/lib/x86_64-linux-gnu/libpthread.so.0(+0x76ba) [0x7fd10c1d36ba]
/lib/x86_64-linux-gnu/libc.so.6(clone+0x6d) [0x7fd10bf0941d]
mutex(6299896)
thread(188729088)
./ddetector.so(pthread_mutex_lock+0xe1) [0x7fd10c3e9b71]
./exec.out(pickup+0x64) [0x400d1b]
./exec.out(philosopher+0x32) [0x400e01]
/lib/x86_64-linux-gnu/libpthread.so.0(+0x76ba) [0x7fd10c1d36ba]
/lib/x86_64-linux-gnu/libc.so.6(clone+0x6d) [0x7fd10bf0941d]
mutex(6299992)
thread(180336384)
./ddetector.so(pthread_mutex_lock+0xe1) [0x7fd10c3e9b71]
./exec.out(pickup+0x89) [0x400d40]
./exec.out(philosopher+0x32) [0x400e01]
/lib/x86_64-linux-gnu/libpthread.so.0(+0x76ba) [0x7fd10c1d36ba]
/lib/x86_64-linux-gnu/libc.so.6(clone+0x6d) [0x7fd10bf0941d]
mutex(6299944)
thread(180336384)
./ddetector.so(pthread_mutex_lock+0xe1) [0x7fd10c3e9b71]
./exec.out(pickup+0x64) [0x400d1b]
./exec.out(philosopher+0x32) [0x400e01]
/lib/x86_64-linux-gnu/libpthread.so.0(+0x76ba) [0x7fd10c1d36ba]
/lib/x86_64-linux-gnu/libc.so.6(clone+0x6d) [0x7fd10bf0941d]
mutex(6300040)
thread(171943680)
./ddetector.so(pthread_mutex_lock+0xe1) [0x7fd10c3e9b71]
./exec.out(pickup+0x89) [0x400d40]
./exec.out(philosopher+0x32) [0x400e01]
/lib/x86_64-linux-gnu/libpthread.so.0(+0x76ba) [0x7fd10c1d36ba]
/lib/x86_64-linux-gnu/libc.so.6(clone+0x6d) [0x7fd10bf0941d]
mutex(6299992)
thread(171943680)
./ddetector.so(pthread_mutex_lock+0xe1) [0x7fd10c3e9b71]
./exec.out(pickup+0x64) [0x400d1b]
./exec.out(philosopher+0x32) [0x400e01]
/lib/x86_64-linux-gnu/libpthread.so.0(+0x76ba) [0x7fd10c1d36ba]
/lib/x86_64-linux-gnu/libc.so.6(clone+0x6d) [0x7fd10bf0941d]
mutex(6299848)
thread(163550976)
./ddetector.so(pthread_mutex_lock+0xe1) [0x7fd10c3e9b71]
./exec.out(pickup+0x89) [0x400d40]
./exec.out(philosopher+0x32) [0x400e01]
/lib/x86_64-linux-gnu/libpthread.so.0(+0x76ba) [0x7fd10c1d36ba]
/lib/x86_64-linux-gnu/libc.so.6(clone+0x6d) [0x7fd10bf0941d]
mutex(6299896)
thread(197121792)
./ddetector.so(pthread_mutex_lock+0xe1) [0x7fd10c3e9b71]
./exec.out(pickup+0x89) [0x400d40]
./exec.out(philosopher+0x32) [0x400e01]
/lib/x86_64-linux-gnu/libpthread.so.0(+0x76ba) [0x7fd10c1d36ba]
/lib/x86_64-linux-gnu/libc.so.6(clone+0x6d) [0x7fd10bf0941d]
mutex(6300040)
thread(163550976)
./ddetector.so(pthread_mutex_lock+0xe1) [0x7fd10c3e9b71]
./exec.out(pickup+0x64) [0x400d1b]
./exec.out(philosopher+0x32) [0x400e01]
/lib/x86_64-linux-gnu/libpthread.so.0(+0x76ba) [0x7fd10c1d36ba]
/lib/x86_64-linux-gnu/libc.so.6(clone+0x6d) [0x7fd10bf0941d]
mutex(6299848)
thread(197121792)
./ddetector.so(pthread_mutex_lock+0xe1) [0x7fd10c3e9b71]
./exec.out(pickup+0x64) [0x400d1b]
./exec.out(philosopher+0x32) [0x400e01]
/lib/x86_64-linux-gnu/libpthread.so.0(+0x76ba) [0x7fd10c1d36ba]
/lib/x86_64-linux-gnu/libc.so.6(clone+0x6d) [0x7fd10bf0941d]
mutex(6299944)
thread(188729088)
./ddetector.so(pthread_mutex_lock+0xe1) [0x7fd10c3e9b71]
./exec.out(pickup+0x89) [0x400d40]
./exec.out(philosopher+0x32) [0x400e01]
/lib/x86_64-linux-gnu/libpthread.so.0(+0x76ba) [0x7fd10c1d36ba]
/lib/x86_64-linux-gnu/libc.so.6(clone+0x6d) [0x7fd10bf0941d]
mutex(6299992)
thread(180336384)
./ddetector.so(pthread_mutex_lock+0xe1) [0x7fd10c3e9b71]
./exec.out(pickup+0x89) [0x400d40]
./exec.out(philosopher+0x32) [0x400e01]
/lib/x86_64-linux-gnu/libpthread.so.0(+0x76ba) [0x7fd10c1d36ba]
/lib/x86_64-linux-gnu/libc.so.6(clone+0x6d) [0x7fd10bf0941d]
mutex(6299896)
thread(188729088)
./ddetector.so(pthread_mutex_lock+0xe1) [0x7fd10c3e9b71]
./exec.out(pickup+0x64) [0x400d1b]
./exec.out(philosopher+0x32) [0x400e01]
/lib/x86_64-linux-gnu/libpthread.so.0(+0x76ba) [0x7fd10c1d36ba]
/lib/x86_64-linux-gnu/libc.so.6(clone+0x6d) [0x7fd10bf0941d]
mutex(6300040)
thread(171943680)
./ddetector.so(pthread_mutex_lock+0xe1) [0x7fd10c3e9b71]
./exec.out(pickup+0x89) [0x400d40]
./exec.out(philosopher+0x32) [0x400e01]
/lib/x86_64-linux-gnu/libpthread.so.0(+0x76ba) [0x7fd10c1d36ba]
/lib/x86_64-linux-gnu/libc.so.6(clone+0x6d) [0x7fd10bf0941d]
mutex(6299944)
thread(180336384)
./ddetector.so(pthread_mutex_lock+0xe1) [0x7fd10c3e9b71]
./exec.out(pickup+0x64) [0x400d1b]
./exec.out(philosopher+0x32) [0x400e01]
/lib/x86_64-linux-gnu/libpthread.so.0(+0x76ba) [0x7fd10c1d36ba]
/lib/x86_64-linux-gnu/libc.so.6(clone+0x6d) [0x7fd10bf0941d]
mutex(6299992)
thread(171943680)
./ddetector.so(pthread_mutex_lock+0xe1) [0x7fd10c3e9b71]
./exec.out(pickup+0x64) [0x400d1b]
./exec.out(philosopher+0x32) [0x400e01]
/lib/x86_64-linux-gnu/libpthread.so.0(+0x76ba) [0x7fd10c1d36ba]
/lib/x86_64-linux-gnu/libc.so.6(clone+0x6d) [0x7fd10bf0941d]
mutex(6299848)
thread(163550976)
./ddetector.so(pthread_mutex_lock+0xe1) [0x7fd10c3e9b71]
./exec.out(pickup+0x89) [0x400d40]
./exec.out(philosopher+0x32) [0x400e01]
/lib/x86_64-linux-gnu/libpthread.so.0(+0x76ba) [0x7fd10c1d36ba]
/lib/x86_64-linux-gnu/libc.so.6(clone+0x6d) [0x7fd10bf0941d]
mutex(6299896)
thread(197121792)
./ddetector.so(pthread_mutex_lock+0xe1) [0x7fd10c3e9b71]
./exec.out(pickup+0x89) [0x400d40]
./exec.out(philosopher+0x32) [0x400e01]
/lib/x86_64-linux-gnu/libpthread.so.0(+0x76ba) [0x7fd10c1d36ba]
/lib/x86_64-linux-gnu/libc.so.6(clone+0x6d) [0x7fd10bf0941d]
mutex(6300040)
thread(163550976)
./ddetector.so(pthread_mutex_lock+0xe1) [0x7fd10c3e9b71]
./exec.out(pickup+0x64) [0x400d1b]
./exec.out(philosopher+0x32) [0x400e01]
/lib/x86_64-linux-gnu/libpthread.so.0(+0x76ba) [0x7fd10c1d36ba]
/lib/x86_64-linux-gnu/libc.so.6(clone+0x6d) [0x7fd10bf0941d]
mutex(6299848)
thread(197121792)
./ddetector.so(pthread_mutex_lock+0xe1) [0x7fd10c3e9b71]
./exec.out(pickup+0x64) [0x400d1b]
./exec.out(philosopher+0x32) [0x400e01]
/lib/x86_64-linux-gnu/libpthread.so.0(+0x76ba) [0x7fd10c1d36ba]
/lib/x86_64-linux-gnu/libc.so.6(clone+0x6d) [0x7fd10bf0941d]
